[06-Feb-2024 10:35:29] NOTICE: fpm is running, pid 7683
[06-Feb-2024 10:35:29] NOTICE: ready to handle connections
[06-Feb-2024 12:38:41] NOTICE: Terminating ...
[06-Feb-2024 12:38:41] NOTICE: Terminating ...
[06-Feb-2024 12:38:41] NOTICE: exiting, bye-bye!
[07-Feb-2024 00:15:47] NOTICE: fpm is running, pid 6131
[07-Feb-2024 00:15:47] NOTICE: ready to handle connections
[07-Feb-2024 06:26:25] NOTICE: Terminating ...
[07-Feb-2024 06:26:25] NOTICE: Terminating ...
[07-Feb-2024 06:26:25] NOTICE: exiting, bye-bye!
[07-Feb-2024 13:40:49] NOTICE: fpm is running, pid 26900
[07-Feb-2024 13:40:49] NOTICE: ready to handle connections
[07-Feb-2024 15:35:14] NOTICE: Terminating ...
[07-Feb-2024 15:35:14] NOTICE: Terminating ...
[07-Feb-2024 15:35:14] NOTICE: exiting, bye-bye!
[07-Feb-2024 16:02:33] NOTICE: fpm is running, pid 38224
[07-Feb-2024 16:02:33] NOTICE: ready to handle connections
[07-Feb-2024 16:55:30] NOTICE: Terminating ...
[07-Feb-2024 16:55:30] NOTICE: Terminating ...
[07-Feb-2024 16:55:30] NOTICE: exiting, bye-bye!
[08-Feb-2024 13:47:15] NOTICE: fpm is running, pid 27459
[08-Feb-2024 13:47:15] NOTICE: ready to handle connections
[08-Feb-2024 15:28:43] NOTICE: Terminating ...
[08-Feb-2024 15:28:43] NOTICE: Terminating ...
[08-Feb-2024 15:28:43] NOTICE: exiting, bye-bye!
[08-Feb-2024 15:31:53] NOTICE: fpm is running, pid 3487
[08-Feb-2024 15:31:53] NOTICE: ready to handle connections
[08-Feb-2024 17:00:06] NOTICE: Terminating ...
[08-Feb-2024 17:00:06] NOTICE: Terminating ...
[08-Feb-2024 17:00:06] NOTICE: exiting, bye-bye!
[08-Feb-2024 19:57:50] NOTICE: fpm is running, pid 4146
[08-Feb-2024 19:57:50] NOTICE: ready to handle connections
[08-Feb-2024 23:10:34] NOTICE: Terminating ...
[08-Feb-2024 23:10:34] NOTICE: Terminating ...
[08-Feb-2024 23:10:34] NOTICE: exiting, bye-bye!
[14-Feb-2024 13:43:28] NOTICE: fpm is running, pid 17743
[14-Feb-2024 13:43:28] NOTICE: ready to handle connections
[14-Feb-2024 13:52:10] NOTICE: Terminating ...
[14-Feb-2024 13:52:10] NOTICE: Terminating ...
[14-Feb-2024 13:52:10] NOTICE: exiting, bye-bye!
[14-Feb-2024 14:12:13] NOTICE: fpm is running, pid 22171
[14-Feb-2024 14:12:13] NOTICE: ready to handle connections
[14-Feb-2024 14:52:04] NOTICE: Terminating ...
[14-Feb-2024 14:52:04] NOTICE: Terminating ...
[14-Feb-2024 14:52:04] NOTICE: exiting, bye-bye!
[14-Feb-2024 14:52:06] NOTICE: fpm is running, pid 25490
[14-Feb-2024 14:52:06] NOTICE: ready to handle connections
[14-Feb-2024 15:48:53] NOTICE: Terminating ...
[14-Feb-2024 15:48:53] NOTICE: Terminating ...
[14-Feb-2024 15:48:53] NOTICE: exiting, bye-bye!
[14-Feb-2024 15:49:07] NOTICE: fpm is running, pid 27214
[14-Feb-2024 15:49:07] NOTICE: ready to handle connections
[14-Feb-2024 15:50:12] NOTICE: Terminating ...
[14-Feb-2024 15:50:12] NOTICE: Terminating ...
[14-Feb-2024 15:50:12] NOTICE: exiting, bye-bye!
[14-Feb-2024 15:50:48] NOTICE: fpm is running, pid 27477
[14-Feb-2024 15:50:48] NOTICE: ready to handle connections
[14-Feb-2024 17:03:24] NOTICE: Terminating ...
[14-Feb-2024 17:03:24] NOTICE: Terminating ...
[14-Feb-2024 17:03:24] NOTICE: exiting, bye-bye!
[14-Feb-2024 22:28:16] NOTICE: fpm is running, pid 7433
[14-Feb-2024 22:28:16] NOTICE: ready to handle connections
[14-Feb-2024 23:35:24] NOTICE: Terminating ...
[14-Feb-2024 23:35:24] NOTICE: Terminating ...
[14-Feb-2024 23:35:24] NOTICE: exiting, bye-bye!
[15-Feb-2024 13:43:54] NOTICE: fpm is running, pid 40364
[15-Feb-2024 13:43:54] NOTICE: ready to handle connections
[15-Feb-2024 16:59:29] NOTICE: Terminating ...
[15-Feb-2024 16:59:29] NOTICE: Terminating ...
[15-Feb-2024 16:59:29] NOTICE: exiting, bye-bye!
[20-Feb-2024 09:17:40] NOTICE: fpm is running, pid 4752
[20-Feb-2024 09:17:40] NOTICE: ready to handle connections
[20-Feb-2024 12:35:57] NOTICE: Terminating ...
[20-Feb-2024 12:35:57] NOTICE: Terminating ...
[20-Feb-2024 12:35:57] NOTICE: exiting, bye-bye!
[20-Feb-2024 12:55:53] NOTICE: fpm is running, pid 1093
[20-Feb-2024 12:55:53] NOTICE: ready to handle connections
[20-Feb-2024 13:40:59] NOTICE: Terminating ...
[20-Feb-2024 13:40:59] NOTICE: Terminating ...
[20-Feb-2024 13:40:59] NOTICE: exiting, bye-bye!
[21-Feb-2024 13:27:38] NOTICE: fpm is running, pid 9663
[21-Feb-2024 13:27:38] NOTICE: ready to handle connections
[21-Feb-2024 16:43:51] NOTICE: Terminating ...
[21-Feb-2024 16:43:51] NOTICE: Terminating ...
[21-Feb-2024 16:43:51] NOTICE: exiting, bye-bye!
[22-Feb-2024 10:30:17] NOTICE: fpm is running, pid 2281
[22-Feb-2024 10:30:17] NOTICE: ready to handle connections
[22-Feb-2024 12:36:46] NOTICE: Terminating ...
[22-Feb-2024 12:36:46] NOTICE: Terminating ...
[22-Feb-2024 12:36:46] NOTICE: exiting, bye-bye!
[05-Mar-2024 09:18:51] NOTICE: fpm is running, pid 1829
[05-Mar-2024 09:18:51] NOTICE: ready to handle connections
[05-Mar-2024 12:43:30] NOTICE: Terminating ...
[05-Mar-2024 12:43:30] NOTICE: Terminating ...
[05-Mar-2024 12:43:30] NOTICE: exiting, bye-bye!
[06-Mar-2024 13:42:06] NOTICE: fpm is running, pid 1218
[06-Mar-2024 13:42:06] NOTICE: ready to handle connections
[06-Mar-2024 15:23:56] NOTICE: Terminating ...
[06-Mar-2024 15:23:56] NOTICE: Terminating ...
[06-Mar-2024 15:23:56] NOTICE: exiting, bye-bye!
[06-Mar-2024 15:44:01] NOTICE: fpm is running, pid 1667
[06-Mar-2024 15:44:01] NOTICE: ready to handle connections
[06-Mar-2024 17:03:24] NOTICE: Terminating ...
[06-Mar-2024 17:03:24] NOTICE: Terminating ...
[06-Mar-2024 17:03:24] NOTICE: exiting, bye-bye!
[07-Mar-2024 13:49:49] NOTICE: fpm is running, pid 2182
[07-Mar-2024 13:49:49] NOTICE: ready to handle connections
[07-Mar-2024 16:59:34] NOTICE: Terminating ...
[07-Mar-2024 16:59:34] NOTICE: Terminating ...
[07-Mar-2024 16:59:34] NOTICE: exiting, bye-bye!
[08-Mar-2024 10:57:46] NOTICE: fpm is running, pid 2300
[08-Mar-2024 10:57:46] NOTICE: ready to handle connections
[08-Mar-2024 15:14:33] NOTICE: Terminating ...
[08-Mar-2024 15:14:33] NOTICE: exiting, bye-bye!
[12-Mar-2024 09:26:37] NOTICE: fpm is running, pid 1209
[12-Mar-2024 09:26:37] NOTICE: ready to handle connections
[12-Mar-2024 12:30:31] NOTICE: Terminating ...
[12-Mar-2024 12:30:31] NOTICE: Terminating ...
[12-Mar-2024 12:30:31] NOTICE: exiting, bye-bye!
[13-Mar-2024 13:46:42] NOTICE: fpm is running, pid 3763
[13-Mar-2024 13:46:42] NOTICE: ready to handle connections
[13-Mar-2024 17:02:05] NOTICE: Terminating ...
[13-Mar-2024 17:02:05] NOTICE: Terminating ...
[13-Mar-2024 17:02:05] NOTICE: exiting, bye-bye!
[14-Mar-2024 13:42:10] NOTICE: fpm is running, pid 2838
[14-Mar-2024 13:42:10] NOTICE: ready to handle connections
[14-Mar-2024 17:03:26] NOTICE: Terminating ...
[14-Mar-2024 17:03:26] NOTICE: exiting, bye-bye!
[14-Mar-2024 19:46:42] NOTICE: fpm is running, pid 2223
[14-Mar-2024 19:46:42] NOTICE: ready to handle connections
[14-Mar-2024 20:31:56] NOTICE: Terminating ...
[14-Mar-2024 20:31:56] NOTICE: Terminating ...
[14-Mar-2024 20:31:56] NOTICE: exiting, bye-bye!
[18-Mar-2024 09:20:53] NOTICE: fpm is running, pid 1610
[18-Mar-2024 09:20:53] NOTICE: ready to handle connections
[18-Mar-2024 11:00:12] NOTICE: Terminating ...
[18-Mar-2024 11:00:12] NOTICE: Terminating ...
[18-Mar-2024 11:00:12] NOTICE: exiting, bye-bye!
[18-Mar-2024 13:40:59] NOTICE: fpm is running, pid 1955
[18-Mar-2024 13:40:59] NOTICE: ready to handle connections
